0 info it worked if it ends with ok
1 verbose cli [ '/usr/bin/node', '/usr/bin/npm', 'install', '--save', 'loadash' ]
2 info using npm@1.4.28
3 info using node@v0.10.40
4 verbose node symlink /usr/bin/node
5 warn package.json promise-shop@1.0.0 No repository field.
6 warn package.json promise-shop@1.0.0 No README data
7 verbose readDependencies using package.json deps
8 verbose cache add [ 'loadash', null ]
9 verbose cache add name=undefined spec="loadash" args=["loadash",null]
10 verbose parsed url { protocol: null,
10 verbose parsed url   slashes: null,
10 verbose parsed url   auth: null,
10 verbose parsed url   host: null,
10 verbose parsed url   port: null,
10 verbose parsed url   hostname: null,
10 verbose parsed url   hash: null,
10 verbose parsed url   search: null,
10 verbose parsed url   query: null,
10 verbose parsed url   pathname: 'loadash',
10 verbose parsed url   path: 'loadash',
10 verbose parsed url   href: 'loadash' }
11 silly lockFile e8efc79f-loadash loadash
12 verbose lock loadash /home/sergio/.npm/e8efc79f-loadash.lock
13 silly lockFile e8efc79f-loadash loadash
14 silly lockFile e8efc79f-loadash loadash
15 verbose addNamed [ 'loadash', '' ]
16 verbose addNamed [ null, '*' ]
17 silly lockFile 49b57bea-loadash loadash@
18 verbose lock loadash@ /home/sergio/.npm/49b57bea-loadash.lock
19 silly addNameRange { name: 'loadash', range: '*', hasData: false }
20 verbose request where is /loadash
21 verbose request registry https://registry.npmjs.org/
22 verbose request id e0bf51729345dcb3
23 verbose url raw /loadash
24 verbose url resolving [ 'https://registry.npmjs.org/', './loadash' ]
25 verbose url resolved https://registry.npmjs.org/loadash
26 verbose request where is https://registry.npmjs.org/loadash
27 info trying registry request attempt 1 at 10:46:46
28 http GET https://registry.npmjs.org/loadash
29 http 404 https://registry.npmjs.org/loadash
30 silly registry.get cb [ 404,
30 silly registry.get   { 'content-type': 'application/json',
30 silly registry.get     'cache-control': 'max-age=0',
30 silly registry.get     'content-length': '2',
30 silly registry.get     'accept-ranges': 'bytes',
30 silly registry.get     date: 'Tue, 01 Dec 2015 15:16:46 GMT',
30 silly registry.get     via: '1.1 varnish',
30 silly registry.get     age: '0',
30 silly registry.get     connection: 'keep-alive',
30 silly registry.get     'x-served-by': 'cache-jfk1023-JFK',
30 silly registry.get     'x-cache': 'MISS',
30 silly registry.get     'x-cache-hits': '0',
30 silly registry.get     'x-timer': 'S1448983006.691595,VS0,VE25' } ]
31 silly lockFile 49b57bea-loadash loadash@
32 silly lockFile 49b57bea-loadash loadash@
33 error 404 Not Found
33 error 404
33 error 404 'loadash' is not in the npm registry.
33 error 404 You should bug the author to publish it
33 error 404 It was specified as a dependency of 'promise-shop'
33 error 404
33 error 404 Note that you can also install from a
33 error 404 tarball, folder, or http url, or git url.
34 error System Linux 3.19.0-33-generic
35 error command "/usr/bin/node" "/usr/bin/npm" "install" "--save" "loadash"
36 error cwd /home/sergio/Documentos/promise-shop
37 error node -v v0.10.40
38 error npm -v 1.4.28
39 error code E404
40 verbose exit [ 1, true ]
