0 info it worked if it ends with ok
1 verbose cli [ '/usr/bin/node', '/usr/bin/npm', 'install', 'stylus' ]
2 info using npm@1.4.28
3 info using node@v0.10.40
4 verbose node symlink /usr/bin/node
5 warn package.json node@0.0.0 No description
6 warn package.json node@0.0.0 No repository field.
7 warn package.json node@0.0.0 No README data
8 verbose cache add [ 'stylus', null ]
9 verbose cache add name=undefined spec="stylus" args=["stylus",null]
10 verbose parsed url { protocol: null,
10 verbose parsed url   slashes: null,
10 verbose parsed url   auth: null,
10 verbose parsed url   host: null,
10 verbose parsed url   port: null,
10 verbose parsed url   hostname: null,
10 verbose parsed url   hash: null,
10 verbose parsed url   search: null,
10 verbose parsed url   query: null,
10 verbose parsed url   pathname: 'stylus',
10 verbose parsed url   path: 'stylus',
10 verbose parsed url   href: 'stylus' }
11 silly lockFile 27c0f414-stylus stylus
12 verbose lock stylus /home/sergio/.npm/27c0f414-stylus.lock
13 silly lockFile 27c0f414-stylus stylus
14 silly lockFile 27c0f414-stylus stylus
15 verbose addNamed [ 'stylus', '' ]
16 verbose addNamed [ null, '*' ]
17 silly lockFile 5140332e-stylus stylus@
18 verbose lock stylus@ /home/sergio/.npm/5140332e-stylus.lock
19 silly addNameRange { name: 'stylus', range: '*', hasData: false }
20 verbose request where is /stylus
21 verbose request registry https://registry.npmjs.org/
22 verbose request id e90dedb8f1c3ee86
23 verbose url raw /stylus
24 verbose url resolving [ 'https://registry.npmjs.org/', './stylus' ]
25 verbose url resolved https://registry.npmjs.org/stylus
26 verbose request where is https://registry.npmjs.org/stylus
27 info trying registry request attempt 1 at 16:49:39
28 verbose etag "KYER9RJELL8GMXYP5SSENBDI"
29 http GET https://registry.npmjs.org/stylus
30 http 304 https://registry.npmjs.org/stylus
31 silly registry.get cb [ 304,
31 silly registry.get   { date: 'Fri, 20 Nov 2015 21:19:36 GMT',
31 silly registry.get     via: '1.1 varnish',
31 silly registry.get     'cache-control': 'max-age=60',
31 silly registry.get     etag: '"KYER9RJELL8GMXYP5SSENBDI"',
31 silly registry.get     age: '0',
31 silly registry.get     connection: 'keep-alive',
31 silly registry.get     'x-served-by': 'cache-jfk1034-JFK',
31 silly registry.get     'x-cache': 'HIT',
31 silly registry.get     'x-cache-hits': '1',
31 silly registry.get     'x-timer': 'S1448054376.183632,VS0,VE107',
31 silly registry.get     vary: 'Accept' } ]
32 verbose etag https://registry.npmjs.org/stylus from cache
33 silly addNameRange number 2 { name: 'stylus', range: '*', hasData: true }
34 silly addNameRange versions [ 'stylus',
34 silly addNameRange   [ '0.0.1',
34 silly addNameRange     '0.0.2',
34 silly addNameRange     '0.1.0',
34 silly addNameRange     '0.2.0',
34 silly addNameRange     '0.2.1',
34 silly addNameRange     '0.3.0',
34 silly addNameRange     '0.3.1',
34 silly addNameRange     '0.4.0',
34 silly addNameRange     '0.4.1',
34 silly addNameRange     '0.5.0',
34 silly addNameRange     '0.5.1',
34 silly addNameRange     '0.5.2',
34 silly addNameRange     '0.5.3',
34 silly addNameRange     '0.6.0',
34 silly addNameRange     '0.6.2',
34 silly addNameRange     '0.6.3',
34 silly addNameRange     '0.6.4',
34 silly addNameRange     '0.6.5',
34 silly addNameRange     '0.6.6',
34 silly addNameRange     '0.6.7',
34 silly addNameRange     '0.7.0',
34 silly addNameRange     '0.7.1',
34 silly addNameRange     '0.7.2',
34 silly addNameRange     '0.7.3',
34 silly addNameRange     '0.7.4',
34 silly addNameRange     '0.8.0',
34 silly addNameRange     '0.9.0',
34 silly addNameRange     '0.9.1',
34 silly addNameRange     '0.9.2',
34 silly addNameRange     '0.10.0',
34 silly addNameRange     '0.11.0',
34 silly addNameRange     '0.11.1',
34 silly addNameRange     '0.11.2',
34 silly addNameRange     '0.11.3',
34 silly addNameRange     '0.11.4',
34 silly addNameRange     '0.11.5',
34 silly addNameRange     '0.11.6',
34 silly addNameRange     '0.11.7',
34 silly addNameRange     '0.11.8',
34 silly addNameRange     '0.11.9',
34 silly addNameRange     '0.11.10',
34 silly addNameRange     '0.11.11',
34 silly addNameRange     '0.11.12',
34 silly addNameRange     '0.12.0',
34 silly addNameRange     '0.12.1',
34 silly addNameRange     '0.12.2',
34 silly addNameRange     '0.12.3',
34 silly addNameRange     '0.12.4',
34 silly addNameRange     '0.13.0',
34 silly addNameRange     '0.13.1',
34 silly addNameRange     '0.13.2',
34 silly addNameRange     '0.13.3',
34 silly addNameRange     '0.13.4',
34 silly addNameRange     '0.13.5',
34 silly addNameRange     '0.13.6',
34 silly addNameRange     '0.13.7',
34 silly addNameRange     '0.13.8',
34 silly addNameRange     '0.13.9',
34 silly addNameRange     '0.14.0',
34 silly addNameRange     '0.15.0',
34 silly addNameRange     '0.15.1',
34 silly addNameRange     '0.15.2',
34 silly addNameRange     '0.15.3',
34 silly addNameRange     '0.15.4',
34 silly addNameRange     '0.16.0',
34 silly addNameRange     '0.17.0',
34 silly addNameRange     '0.18.0',
34 silly addNameRange     '0.19.0',
34 silly addNameRange     '0.19.1',
34 silly addNameRange     '0.19.2',
34 silly addNameRange     '0.19.3',
34 silly addNameRange     '0.19.4',
34 silly addNameRange     '0.19.5',
34 silly addNameRange     '0.19.6',
34 silly addNameRange     '0.19.7',
34 silly addNameRange     '0.19.8',
34 silly addNameRange     '0.20.0',
34 silly addNameRange     '0.20.1',
34 silly addNameRange     '0.21.0',
34 silly addNameRange     '0.21.1',
34 silly addNameRange     '0.21.2',
34 silly addNameRange     '0.22.0',
34 silly addNameRange     '0.22.1',
34 silly addNameRange     '0.22.2',
34 silly addNameRange     '0.22.3',
34 silly addNameRange     '0.22.4',
34 silly addNameRange     '0.22.5',
34 silly addNameRange     '0.22.6',
34 silly addNameRange     '0.23.0',
34 silly addNameRange     '0.24.0',
34 silly addNameRange     '0.25.0',
34 silly addNameRange     '0.26.0',
34 silly addNameRange     '0.26.1',
34 silly addNameRange     '0.27.0',
34 silly addNameRange     '0.27.1',
34 silly addNameRange     '0.27.2',
34 silly addNameRange     '0.28.0',
34 silly addNameRange     '0.28.1',
34 silly addNameRange     '0.28.2',
34 silly addNameRange     '0.29.0',
34 silly addNameRange     '0.30.0',
34 silly addNameRange     '0.30.1',
34 silly addNameRange     '0.31.0',
34 silly addNameRange     '0.32.0',
34 silly addNameRange     '0.32.1',
34 silly addNameRange     '0.33.0',
34 silly addNameRange     '0.33.1',
34 silly addNameRange     '0.34.0',
34 silly addNameRange     '0.34.1',
34 silly addNameRange     '0.35.0',
34 silly addNameRange     '0.35.1',
34 silly addNameRange     '0.36.0',
34 silly addNameRange     '0.36.1',
34 silly addNameRange     '0.37.0',
34 silly addNameRange     '0.38.0',
34 silly addNameRange     '0.39.0',
34 silly addNameRange     '0.39.1',
34 silly addNameRange     '0.39.2',
34 silly addNameRange     '0.39.3',
34 silly addNameRange     '0.39.4',
34 silly addNameRange     '0.40.0',
34 silly addNameRange     '0.40.1',
34 silly addNameRange     '0.40.2',
34 silly addNameRange     '0.40.3',
34 silly addNameRange     '0.41.0',
34 silly addNameRange     '0.41.1',
34 silly addNameRange     '0.41.2',
34 silly addNameRange     '0.41.3',
34 silly addNameRange     '0.42.0',
34 silly addNameRange     '0.42.1',
34 silly addNameRange     '0.42.2',
34 silly addNameRange     '0.42.3',
34 silly addNameRange     '0.43.0',
34 silly addNameRange     '0.44.0-beta',
34 silly addNameRange     '0.43.1',
34 silly addNameRange     '0.44.0-beta2',
34 silly addNameRange     '0.44.0-beta3',
34 silly addNameRange     '0.44.0',
34 silly addNameRange     '0.45.0',
34 silly addNameRange     '0.45.1',
34 silly addNameRange     '0.46.0',
34 silly addNameRange     '0.46.1',
34 silly addNameRange     '0.46.2',
34 silly addNameRange     '0.46.3',
34 silly addNameRange     '0.47.0',
34 silly addNameRange     '0.47.1',
34 silly addNameRange     '0.47.2',
34 silly addNameRange     '0.47.3',
34 silly addNameRange     '0.48.0',
34 silly addNameRange     '0.48.1',
34 silly addNameRange     '0.49.0',
34 silly addNameRange     '0.49.1',
34 silly addNameRange     '0.49.2',
34 silly addNameRange     '0.49.3',
34 silly addNameRange     '0.50.0',
34 silly addNameRange     '0.51.0',
34 silly addNameRange     '0.51.1',
34 silly addNameRange     '0.52.0-alpha',
34 silly addNameRange     '0.52.0',
34 silly addNameRange     '0.52.1',
34 silly addNameRange     '0.52.2',
34 silly addNameRange     '0.52.3',
34 silly addNameRange     '0.52.4' ] ]
35 verbose addNamed [ 'stylus', '0.52.4' ]
36 verbose addNamed [ '0.52.4', '0.52.4' ]
37 silly lockFile 5fb952fe-stylus-0-52-4 stylus@0.52.4
38 verbose lock stylus@0.52.4 /home/sergio/.npm/5fb952fe-stylus-0-52-4.lock
39 silly lockFile c00cd5f6-mjs-org-stylus-stylus-0-52-4-tgz https://registry.npmjs.org/stylus/-/stylus-0.52.4.tgz
40 verbose lock https://registry.npmjs.org/stylus/-/stylus-0.52.4.tgz /home/sergio/.npm/c00cd5f6-mjs-org-stylus-stylus-0-52-4-tgz.lock
41 verbose addRemoteTarball [ 'https://registry.npmjs.org/stylus/-/stylus-0.52.4.tgz',
41 verbose addRemoteTarball   '6551b5f0bfdcf29ee7f0fe0a59b7eb6ff26d2539' ]
42 info retry fetch attempt 1 at 16:49:40
43 verbose fetch to= /tmp/npm-2374-GyUd80_p/registry.npmjs.org/stylus/-/stylus-0.52.4.tgz
44 http GET https://registry.npmjs.org/stylus/-/stylus-0.52.4.tgz
45 http 200 https://registry.npmjs.org/stylus/-/stylus-0.52.4.tgz
46 silly lockFile c00cd5f6-mjs-org-stylus-stylus-0-52-4-tgz https://registry.npmjs.org/stylus/-/stylus-0.52.4.tgz
47 silly lockFile c00cd5f6-mjs-org-stylus-stylus-0-52-4-tgz https://registry.npmjs.org/stylus/-/stylus-0.52.4.tgz
48 silly lockFile 5fb952fe-stylus-0-52-4 stylus@0.52.4
49 silly lockFile 5fb952fe-stylus-0-52-4 stylus@0.52.4
50 silly lockFile 5140332e-stylus stylus@
51 silly lockFile 5140332e-stylus stylus@
52 error Error: EACCES, mkdir '/home/sergio/.npm/stylus/0.52.4'
52 error  { [Error: EACCES, mkdir '/home/sergio/.npm/stylus/0.52.4']
52 error   errno: 3,
52 error   code: 'EACCES',
52 error   path: '/home/sergio/.npm/stylus/0.52.4' }
53 error Please try running this command again as root/Administrator.
54 error System Linux 3.19.0-33-generic
55 error command "/usr/bin/node" "/usr/bin/npm" "install" "stylus"
56 error cwd /home/sergio/Documentos/expresswork
57 error node -v v0.10.40
58 error npm -v 1.4.28
59 error path /home/sergio/.npm/stylus/0.52.4
60 error code EACCES
61 error errno 3
62 error stack Error: EACCES, mkdir '/home/sergio/.npm/stylus/0.52.4'
63 verbose exit [ 3, true ]
